[debug] [2025-06-19T05:48:03.515Z] ----------------------------------------------------------------------
[debug] [2025-06-19T05:48:03.518Z] Command:       C:\Program Files\nodejs\node.exe C:\Users\mizuk\AppData\Roaming\npm\node_modules\firebase-tools\lib\bin\firebase.js deploy
[debug] [2025-06-19T05:48:03.519Z] CLI Version:   14.4.0
[debug] [2025-06-19T05:48:03.519Z] Platform:      win32
[debug] [2025-06-19T05:48:03.519Z] Node Version:  v20.18.3
[debug] [2025-06-19T05:48:03.519Z] Time:          Thu Jun 19 2025 14:48:03 GMT+0900 (日本標準時)
[debug] [2025-06-19T05:48:03.519Z] ----------------------------------------------------------------------
[debug] 
[debug] [2025-06-19T05:48:03.521Z] >>> [apiv2][query] GET https://firebase-public.firebaseio.com/cli.json [none]
[debug] [2025-06-19T05:48:03.813Z] > command requires scopes: ["email","openid","https://www.googleapis.com/auth/cloudplatformprojects.readonly","https://www.googleapis.com/auth/firebase","https://www.googleapis.com/auth/cloud-platform"]
[debug] [2025-06-19T05:48:03.813Z] > authorizing via signed-in user (mizuki.mori@pathoslogos.co.jp)
[debug] [2025-06-19T05:48:03.814Z] [iam] checking project soc-insurance-project for permissions ["firebase.projects.get","firebasehosting.sites.update"]
[debug] [2025-06-19T05:48:03.814Z] Checked if tokens are valid: false, expires at: 1750214519696
[debug] [2025-06-19T05:48:03.815Z] Checked if tokens are valid: false, expires at: 1750214519696
[debug] [2025-06-19T05:48:03.815Z] > refreshing access token with scopes: []
[debug] [2025-06-19T05:48:03.816Z] >>> [apiv2][query] POST https://www.googleapis.com/oauth2/v3/token [none]
[debug] [2025-06-19T05:48:03.816Z] >>> [apiv2][body] POST https://www.googleapis.com/oauth2/v3/token [omitted]
[debug] [2025-06-19T05:48:03.992Z] <<< [apiv2][status] POST https://www.googleapis.com/oauth2/v3/token 200
[debug] [2025-06-19T05:48:03.992Z] <<< [apiv2][body] POST https://www.googleapis.com/oauth2/v3/token [omitted]
[debug] [2025-06-19T05:48:04.004Z] >>> [apiv2][query] POST https://cloudresourcemanager.googleapis.com/v1/projects/soc-insurance-project:testIamPermissions [none]
[debug] [2025-06-19T05:48:04.004Z] >>> [apiv2][(partial)header] POST https://cloudresourcemanager.googleapis.com/v1/projects/soc-insurance-project:testIamPermissions x-goog-quota-user=projects/soc-insurance-project
[debug] [2025-06-19T05:48:04.004Z] >>> [apiv2][body] POST https://cloudresourcemanager.googleapis.com/v1/projects/soc-insurance-project:testIamPermissions {"permissions":["firebase.projects.get","firebasehosting.sites.update"]}
[debug] [2025-06-19T05:48:04.116Z] <<< [apiv2][status] GET https://firebase-public.firebaseio.com/cli.json 200
[debug] [2025-06-19T05:48:04.117Z] <<< [apiv2][body] GET https://firebase-public.firebaseio.com/cli.json {"cloudBuildErrorAfter":1594252800000,"cloudBuildWarnAfter":1590019200000,"defaultNode10After":1594252800000,"minVersion":"3.0.5","node8DeploysDisabledAfter":1613390400000,"node8RuntimeDisabledAfter":1615809600000,"node8WarnAfter":1600128000000}
[debug] [2025-06-19T05:48:04.230Z] <<< [apiv2][status] POST https://cloudresourcemanager.googleapis.com/v1/projects/soc-insurance-project:testIamPermissions 200
[debug] [2025-06-19T05:48:04.230Z] <<< [apiv2][body] POST https://cloudresourcemanager.googleapis.com/v1/projects/soc-insurance-project:testIamPermissions {"permissions":["firebase.projects.get","firebasehosting.sites.update"]}
[debug] [2025-06-19T05:48:04.232Z] Checked if tokens are valid: true, expires at: 1750315682992
[debug] [2025-06-19T05:48:04.232Z] Checked if tokens are valid: true, expires at: 1750315682992
[debug] [2025-06-19T05:48:04.233Z] >>> [apiv2][query] GET https://firebase.googleapis.com/v1beta1/projects/soc-insurance-project [none]
[debug] [2025-06-19T05:48:04.576Z] <<< [apiv2][status] GET https://firebase.googleapis.com/v1beta1/projects/soc-insurance-project 200
[debug] [2025-06-19T05:48:04.576Z] <<< [apiv2][body] GET https://firebase.googleapis.com/v1beta1/projects/soc-insurance-project {"projectId":"soc-insurance-project","projectNumber":"1003603621278","displayName":"soc-insurance-project","name":"projects/soc-insurance-project","resources":{"hostingSite":"soc-insurance-project"},"state":"ACTIVE","etag":"1_11b9b4d0-1bf8-49ce-8371-75cfd87cda0c"}
[info] 
[info] === Deploying to 'soc-insurance-project'...
[info] 
[info] i  deploying hosting 
[debug] [2025-06-19T05:48:04.582Z] Checked if tokens are valid: true, expires at: 1750315682992
[debug] [2025-06-19T05:48:04.582Z] Checked if tokens are valid: true, expires at: 1750315682992
[debug] [2025-06-19T05:48:04.582Z] >>> [apiv2][query] POST https://firebasehosting.googleapis.com/v1beta1/projects/-/sites/soc-insurance-project/versions [none]
[debug] [2025-06-19T05:48:04.582Z] >>> [apiv2][body] POST https://firebasehosting.googleapis.com/v1beta1/projects/-/sites/soc-insurance-project/versions {"status":"CREATED","labels":{"deployment-tool":"cli-firebase"}}
